<?xml version="1.0" encoding="UTF-8"?>
<testsuite name="com.example.springboot.HelloControllerTest" tests="1" skipped="0" failures="0" errors="0" timestamp="2025-10-30T05:35:05.368Z" hostname="MacBookPro.csumb.edu" time="0.006">
  <properties/>
  <testcase name="getHello()" classname="com.example.springboot.HelloControllerTest" time="0.006"/>
  <system-out><![CDATA[2025-10-29T22:35:05.366-07:00  INFO 28259 --- [Forge_Focus_Backend] [    Test worker] t.c.s.AnnotationConfigContextLoaderUtils : Could not detect default configuration classes for test class [com.example.springboot.HelloControllerTest]: HelloControllerTest does not declare any static, non-private, non-final, nested classes annotated with @Configuration.
2025-10-29T22:35:05.367-07:00  INFO 28259 --- [Forge_Focus_Backend] [    Test worker] .b.t.c.SpringBootTestContextBootstrapper : Found @SpringBootConfiguration com.example.springboot.Application for test class com.example.springboot.HelloControllerTest
]]></system-out>
  <system-err><![CDATA[]]></system-err>
</testsuite>
